<?xml version="1.0" encoding="UTF-8"?>
<testsuite name="com.n26.HttpJsonIT" time="11.335000" tests="6" errors="0" skipped="0" failures="0">
    <testcase name="Test 100" classname="com.n26.HttpJsonIT" time="1.294000"/>
    <testcase name="Outdated transactions" classname="com.n26.HttpJsonIT" time="0.137000"/>
    <testcase name="Random transactions" classname="com.n26.HttpJsonIT" time="4.833000"/>
    <testcase name="Expiring transactions" classname="com.n26.HttpJsonIT" time="5.049000"/>
    <testcase name="JSON errors" classname="com.n26.HttpJsonIT" time="0.016000"/>
    <testcase name="BigDecimal rounding" classname="com.n26.HttpJsonIT" time="0.006000"/>
</testsuite>
